#
# A fatal error has been detected by the Java Runtime Environment:
#
#  EXCEPTION_ACCESS_VIOLATION (0xc0000005) at pc=0x00007ffe567ce1b7, pid=3716, tid=10016
#
# JRE version: OpenJDK Runtime Environment Corretto-11.0.16.9.1 (11.0.16.1+9) (build 11.0.16.1+9-LTS)
# Java VM: OpenJDK 64-Bit Server VM Corretto-11.0.16.9.1 (11.0.16.1+9-LTS, mixed mode, tiered, compressed oops, g1 gc, windows-amd64)
# Problematic frame:
# C  [lwjgl_opengl.dll+0xe1b7]
#
# No core dump will be written. Minidumps are not enabled by default on client versions of Windows
#
# If you would like to submit a bug report, please visit:
#   https://github.com/corretto/corretto-11/issues/
# The crash happened outside the Java Virtual Machine in native code.
# See problematic frame for where to report the bug.
#

---------------  S U M M A R Y ------------

Command Line: -Dfile.encoding=windows-1252 -Duser.country=GB -Duser.language=en -Duser.variant me.michqql.game.Main

Host: AMD Ryzen 7 4700U with Radeon Graphics         , 8 cores, 15G,  Windows 11 , 64 bit Build 22621 (10.0.22621.1928)
Time: Tue Aug  8 19:33:23 2023 GMT Summer Time elapsed time: 0.372104 seconds (0d 0h 0m 0s)

---------------  T H R E A D  ---------------

Current thread (0x000001c75c67a800):  JavaThread "main" [_thread_in_native, id=10016, stack(0x0000005f25600000,0x0000005f25700000)]

Stack: [0x0000005f25600000,0x0000005f25700000],  sp=0x0000005f256fef38,  free space=1019k
Native frames: (J=compiled Java code, j=interpreted, Vv=VM code, C=native code)
C  [lwjgl_opengl.dll+0xe1b7]

Java frames: (J=compiled Java code, j=interpreted, Vv=VM code)
j  org.lwjgl.opengl.GL20C.glCreateShader(I)I+0
j  org.lwjgl.opengl.GL20.glCreateShader(I)I+1
j  me.michqql.game.gfx.shader.Shader.init()V+8
j  me.michqql.game.gfx.shader.Shader.<init>(Ljava/lang/String;)V+236
j  me.michqql.game.gfx.shader.Shader.getShader(Ljava/lang/String;)Lme/michqql/game/gfx/shader/Shader;+5
j  me.michqql.game.gfx.Window.<init>()V+27
j  me.michqql.game.gfx.Window.getInstance()Lme/michqql/game/gfx/Window;+10
j  me.michqql.game.Main.main([Ljava/lang/String;)V+0
v  ~StubRoutines::call_stub

siginfo: EXCEPTION_ACCESS_VIOLATION (0xc0000005), reading address 0x0000000000000e38


Register to memory mapping:

RIP=0x00007ffe567ce1b7 lwjgl_opengl.dll
RAX=0x000001c700e34ae0 points into unknown readable memory: 0x0000000000000000 | 00 00 00 00 00 00 00 00
RBX={method} {0x000001c7007faad8} 'glCreateShader' '(I)I' in 'org/lwjgl/opengl/GL20C'
RCX=0x0 is NULL
RDX=0x0000005f256fefc0 is pointing into the stack for thread: 0x000001c75c67a800
RSP=0x0000005f256fef38 is pointing into the stack for thread: 0x000001c75c67a800
RBP=0x0000005f256fefb0 is pointing into the stack for thread: 0x000001c75c67a800
RSI=0x000001c7002c59d8 is pointing into metadata
RDI=0x000000000000056f is an unknown value
R8 =0x0000000000008b31 is an unknown value
R9 =0x0000000000000002 is an unknown value
R10=0x000001c764ddf748 is at code_begin+1000 in an Interpreter codelet
method entry point (kind = native)  [0x000001c764ddf360, 0x000001c764ddfe00]  2720 bytes
R11=0x00000007191d9048 is an oop: java.lang.Class 
{0x00000007191d9048} - klass: 'java/lang/Class'
R12=0x0 is NULL
R13=0x000001c7007faac0 is pointing into metadata
R14=0x0000005f256fefd0 is pointing into the stack for thread: 0x000001c75c67a800
R15=0x000001c75c67a800 is a thread


Registers:
RAX=0x000001c700e34ae0, RBX=0x000001c7007faad0, RCX=0x0000000000000000, RDX=0x0000005f256fefc0
RSP=0x0000005f256fef38, RBP=0x0000005f256fefb0, RSI=0x000001c7002c59d8, RDI=0x000000000000056f
R8 =0x0000000000008b31, R9 =0x0000000000000002, R10=0x000001c764ddf748, R11=0x00000007191d9048
R12=0x0000000000000000, R13=0x000001c7007faac0, R14=0x0000005f256fefd0, R15=0x000001c75c67a800
RIP=0x00007ffe567ce1b7, EFLAGS=0x0000000000010206

Top of Stack: (sp=0x0000005f256fef38)
0x0000005f256fef38:   000001c764ddf777 000001c7007faad0
0x0000005f256fef48:   0000005f256fefb0 000001c7002c59d8
0x0000005f256fef58:   000001c75c67a800 000001c764ddf416
0x0000005f256fef68:   0000005f256fef68 000001c7007faac0
0x0000005f256fef78:   0000005f256fefd0 000001c701437900
0x0000005f256fef88:   0000000000000000 00000007191d9048
0x0000005f256fef98:   000001c7007faad0 0000000000000000
0x0000005f256fefa8:   0000005f256fefd0 0000005f256ff020
0x0000005f256fefb8:   000001c764dd9f40 00000007191d9048
0x0000005f256fefc8:   000001c764ddc6f6 0000000000008b31
0x0000005f256fefd8:   0000005f256fefd8 000001c700414169
0x0000005f256fefe8:   0000005f256ff030 000001c7004d5da0
0x0000005f256feff8:   0000000000000000 00000007195682e8
0x0000005f256ff008:   000001c700414190 0000005f256fefd0
0x0000005f256ff018:   0000005f256ff030 0000005f256ff088
0x0000005f256ff028:   000001c764dd9f40 0000000000008b31 

Instructions: (pc=0x00007ffe567ce1b7)
0x00007ffe567ce0b7:   8b c8 4c 8b 50 18 49 ff a2 f8 0d 00 00 cc cc cc
0x00007ffe567ce0c7:   cc cc cc cc cc cc cc cc cc 48 8b 01 41 8b c8 48
0x00007ffe567ce0d7:   8b 50 18 48 ff a2 00 0e 00 00 cc cc cc cc cc cc
0x00007ffe567ce0e7:   cc cc cc cc cc cc cc cc cc 48 8b 01 45 8b d8 4c
0x00007ffe567ce0f7:   8b 44 24 28 41 8b d1 41 8b cb 4c 8b 50 18 49 ff
0x00007ffe567ce107:   a2 08 0e 00 00 cc cc cc cc 48 8b 01 45 8b d8 4c
0x00007ffe567ce117:   8b 44 24 28 41 8b d1 41 8b cb 4c 8b 50 18 49 ff
0x00007ffe567ce127:   a2 10 0e 00 00 cc cc cc cc 48 8b 01 45 8b d8 4c
0x00007ffe567ce137:   8b 44 24 28 41 8b d1 41 8b cb 4c 8b 50 18 49 ff
0x00007ffe567ce147:   a2 18 0e 00 00 cc cc cc cc 48 8b 01 48 8b 48 18
0x00007ffe567ce157:   48 8b 81 20 0e 00 00 48 ff e0 cc cc cc cc cc cc
0x00007ffe567ce167:   cc cc cc cc cc cc cc cc cc 48 8b 01 41 8b c8 48
0x00007ffe567ce177:   8b 50 18 48 ff a2 28 0e 00 00 cc cc cc cc cc cc
0x00007ffe567ce187:   cc cc cc cc cc cc cc cc cc 48 8b 01 48 8b 48 18
0x00007ffe567ce197:   48 8b 81 30 0e 00 00 41 8b c8 48 ff e0 cc cc cc
0x00007ffe567ce1a7:   cc cc cc cc cc cc cc cc cc 48 8b 01 48 8b 48 18
0x00007ffe567ce1b7:   48 8b 81 38 0e 00 00 41 8b c8 48 ff e0 cc cc cc
0x00007ffe567ce1c7:   cc cc cc cc cc cc cc cc cc 48 8b 01 41 8b c8 48
0x00007ffe567ce1d7:   8b 50 18 48 ff a2 40 0e 00 00 cc cc cc cc cc cc
0x00007ffe567ce1e7:   cc cc cc cc cc cc cc cc cc 48 8b 01 48 8b 48 18
0x00007ffe567ce1f7:   48 8b 81 48 0e 00 00 41 8b c8 48 ff e0 cc cc cc
0x00007ffe567ce207:   cc cc cc cc cc cc cc cc cc 48 8b 01 41 8b d1 41
0x00007ffe567ce217:   8b c8 4c 8b 50 18 49 ff a2 50 0e 00 00 cc cc cc
0x00007ffe567ce227:   cc cc cc cc cc cc cc cc cc 48 8b 01 41 8b d1 41
0x00007ffe567ce237:   8b c8 4c 8b 50 18 49 ff a2 58 0e 00 00 cc cc cc
0x00007ffe567ce247:   cc cc cc cc cc cc cc cc cc 40 53 48 8b 01 41 8b
0x00007ffe567ce257:   d8 4c 8b 44 24 30 41 8b d1 4c 8b 4c 24 38 8b cb
0x00007ffe567ce267:   4c 8b 50 18 5b 49 ff a2 60 0e 00 00 cc cc cc cc
0x00007ffe567ce277:   cc cc cc cc cc cc cc cc cc 48 8b 01 41 8b c8 48
0x00007ffe567ce287:   8b 50 18 48 ff a2 68 0e 00 00 cc cc cc cc cc cc
0x00007ffe567ce297:   cc cc cc cc cc cc cc cc cc 48 8b 01 41 8b c8 48
0x00007ffe567ce2a7:   8b 50 18 48 ff a2 70 0e 00 00 cc cc cc cc cc cc 


Stack slot to memory mapping:
stack at sp + 0 slots: 0x000001c764ddf777 is at code_begin+1047 in an Interpreter codelet
method entry point (kind = native)  [0x000001c764ddf360, 0x000001c764ddfe00]  2720 bytes
stack at sp + 1 slots: {method} {0x000001c7007faad8} 'glCreateShader' '(I)I' in 'org/lwjgl/opengl/GL20C'
stack at sp + 2 slots: 0x0000005f256fefb0 is pointing into the stack for thread: 0x000001c75c67a800
stack at sp + 3 slots: 0x000001c7002c59d8 is pointing into metadata
stack at sp + 4 slots: 0x000001c75c67a800 is a thread
stack at sp + 5 slots: 0x000001c764ddf416 is at code_begin+182 in an Interpreter codelet
method entry point (kind = native)  [0x000001c764ddf360, 0x000001c764ddfe00]  2720 bytes
stack at sp + 6 slots: 0x0000005f256fef68 is pointing into the stack for thread: 0x000001c75c67a800
stack at sp + 7 slots: 0x000001c7007faac0 is pointing into metadata


---------------  P R O C E S S  ---------------

Threads class SMR info:
_java_thread_list=0x000001c700c428c0, length=11, elements={
0x000001c75c67a800, 0x000001c77fe93000, 0x000001c7008a4000, 0x000001c7008f7800,
0x000001c7008f9800, 0x000001c7008fa800, 0x000001c7008fb800, 0x000001c7008ff000,
0x000001c700902000, 0x000001c700a7b800, 0x000001c700d51000
}

Java Threads: ( => current thread )
=>0x000001c75c67a800 JavaThread "main" [_thread_in_native, id=10016, stack(0x0000005f25600000,0x0000005f25700000)]
  0x000001c77fe93000 JavaThread "Reference Handler" daemon [_thread_blocked, id=16800, stack(0x0000005f25d00000,0x0000005f25e00000)]
  0x000001c7008a4000 JavaThread "Finalizer" daemon [_thread_blocked, id=9884, stack(0x0000005f25e00000,0x0000005f25f00000)]
  0x000001c7008f7800 JavaThread "Signal Dispatcher" daemon [_thread_blocked, id=7568, stack(0x0000005f25f00000,0x0000005f26000000)]
  0x000001c7008f9800 JavaThread "Attach Listener" daemon [_thread_blocked, id=14448, stack(0x0000005f26000000,0x0000005f26100000)]
  0x000001c7008fa800 JavaThread "Service Thread" daemon [_thread_blocked, id=3604, stack(0x0000005f26100000,0x0000005f26200000)]
  0x000001c7008fb800 JavaThread "C2 CompilerThread0" daemon [_thread_blocked, id=12096, stack(0x0000005f26200000,0x0000005f26300000)]
  0x000001c7008ff000 JavaThread "C1 CompilerThread0" daemon [_thread_blocked, id=9148, stack(0x0000005f26300000,0x0000005f26400000)]
  0x000001c700902000 JavaThread "Sweeper thread" daemon [_thread_blocked, id=14560, stack(0x0000005f26400000,0x0000005f26500000)]
  0x000001c700a7b800 JavaThread "Common-Cleaner" daemon [_thread_blocked, id=3008, stack(0x0000005f26600000,0x0000005f26700000)]
  0x000001c700d51000 JavaThread "C2 CompilerThread1" daemon [_thread_blocked, id=9500, stack(0x0000005f26700000,0x0000005f26800000)]

Other Threads:
  0x000001c77fe8f000 VMThread "VM Thread" [stack: 0x0000005f25c00000,0x0000005f25d00000] [id=11152]
  0x000001c700a73800 WatcherThread [stack: 0x0000005f26500000,0x0000005f26600000] [id=11688]
  0x000001c75c695000 GCTaskThread "GC Thread#0" [stack: 0x0000005f25700000,0x0000005f25800000] [id=8708]
  0x000001c75c6ed000 ConcurrentGCThread "G1 Main Marker" [stack: 0x0000005f25800000,0x0000005f25900000] [id=11504]
  0x000001c75c6ef000 ConcurrentGCThread "G1 Conc#0" [stack: 0x0000005f25900000,0x0000005f25a00000] [id=7424]
  0x000001c77fd76800 ConcurrentGCThread "G1 Refine#0" [stack: 0x0000005f25a00000,0x0000005f25b00000] [id=13020]
  0x000001c77fd7a000 ConcurrentGCThread "G1 Young RemSet Sampling" [stack: 0x0000005f25b00000,0x0000005f25c00000] [id=8032]

Threads with active compile tasks:

VM state:not at safepoint (normal execution)

VM Mutex/Monitor currently owned by a thread: None

Heap address: 0x000000070a200000, size: 3934 MB, Compressed Oops mode: Zero based, Oop shift amount: 3
Narrow klass base: 0x0000000800000000, Narrow klass shift: 0
Compressed class space size: 1073741824 Address: 0x0000000800000000

Heap:
 garbage-first heap   total 251904K, used 6144K [0x000000070a200000, 0x0000000800000000)
  region size 1024K, 7 young (7168K), 0 survivors (0K)
 Metaspace       used 9057K, capacity 9222K, committed 9344K, reserved 1058816K
  class space    used 732K, capacity 778K, committed 896K, reserved 1048576K
Heap Regions: E=young(eden), S=young(survivor), O=old, HS=humongous(starts), HC=humongous(continues), CS=collection set, F=free, A=archive, TAMS=top-at-mark-start (previous, next)
|   0|0x000000070a200000, 0x000000070a200000, 0x000000070a300000|  0%| F|  |TAMS 0x000000070a200000, 0x000000070a200000| Untracked 
|   1|0x000000070a300000, 0x000000070a300000, 0x000000070a400000|  0%| F|  |TAMS 0x000000070a300000, 0x000000070a300000| Untracked 
|   2|0x000000070a400000, 0x000000070a400000, 0x000000070a500000|  0%| F|  |TAMS 0x000000070a400000, 0x000000070a400000| Untracked 
|   3|0x000000070a500000, 0x000000070a500000, 0x000000070a600000|  0%| F|  |TAMS 0x000000070a500000, 0x000000070a500000| Untracked 
|   4|0x000000070a600000, 0x000000070a600000, 0x000000070a700000|  0%| F|  |TAMS 0x000000070a600000, 0x000000070a600000| Untracked 
|   5|0x000000070a700000, 0x000000070a700000, 0x000000070a800000|  0%| F|  |TAMS 0x000000070a700000, 0x000000070a700000| Untracked 
|   6|0x000000070a800000, 0x000000070a800000, 0x000000070a900000|  0%| F|  |TAMS 0x000000070a800000, 0x000000070a800000| Untracked 
|   7|0x000000070a900000, 0x000000070a900000, 0x000000070aa00000|  0%| F|  |TAMS 0x000000070a900000, 0x000000070a900000| Untracked 
|   8|0x000000070aa00000, 0x000000070aa00000, 0x000000070ab00000|  0%| F|  |TAMS 0x000000070aa00000, 0x000000070aa00000| Untracked 
|   9|0x000000070ab00000, 0x000000070ab00000, 0x000000070ac00000|  0%| F|  |TAMS 0x000000070ab00000, 0x000000070ab00000| Untracked 
|  10|0x000000070ac00000, 0x000000070ac00000, 0x000000070ad00000|  0%| F|  |TAMS 0x000000070ac00000, 0x000000070ac00000| Untracked 
|  11|0x000000070ad00000, 0x000000070ad00000, 0x000000070ae00000|  0%| F|  |TAMS 0x000000070ad00000, 0x000000070ad00000| Untracked 
|  12|0x000000070ae00000, 0x000000070ae00000, 0x000000070af00000|  0%| F|  |TAMS 0x000000070ae00000, 0x000000070ae00000| Untracked 
|  13|0x000000070af00000, 0x000000070af00000, 0x000000070b000000|  0%| F|  |TAMS 0x000000070af00000, 0x000000070af00000| Untracked 
|  14|0x000000070b000000, 0x000000070b000000, 0x000000070b100000|  0%| F|  |TAMS 0x000000070b000000, 0x000000070b000000| Untracked 
|  15|0x000000070b100000, 0x000000070b100000, 0x000000070b200000|  0%| F|  |TAMS 0x000000070b100000, 0x000000070b100000| Untracked 
|  16|0x000000070b200000, 0x000000070b200000, 0x000000070b300000|  0%| F|  |TAMS 0x000000070b200000, 0x000000070b200000| Untracked 
|  17|0x000000070b300000, 0x000000070b300000, 0x000000070b400000|  0%| F|  |TAMS 0x000000070b300000, 0x000000070b300000| Untracked 
|  18|0x000000070b400000, 0x000000070b400000, 0x000000070b500000|  0%| F|  |TAMS 0x000000070b400000, 0x000000070b400000| Untracked 
|  19|0x000000070b500000, 0x000000070b500000, 0x000000070b600000|  0%| F|  |TAMS 0x000000070b500000, 0x000000070b500000| Untracked 
|  20|0x000000070b600000, 0x000000070b600000, 0x000000070b700000|  0%| F|  |TAMS 0x000000070b600000, 0x000000070b600000| Untracked 
|  21|0x000000070b700000, 0x000000070b700000, 0x000000070b800000|  0%| F|  |TAMS 0x000000070b700000, 0x000000070b700000| Untracked 
|  22|0x000000070b800000, 0x000000070b800000, 0x000000070b900000|  0%| F|  |TAMS 0x000000070b800000, 0x000000070b800000| Untracked 
|  23|0x000000070b900000, 0x000000070b900000, 0x000000070ba00000|  0%| F|  |TAMS 0x000000070b900000, 0x000000070b900000| Untracked 
|  24|0x000000070ba00000, 0x000000070ba00000, 0x000000070bb00000|  0%| F|  |TAMS 0x000000070ba00000, 0x000000070ba00000| Untracked 
|  25|0x000000070bb00000, 0x000000070bb00000, 0x000000070bc00000|  0%| F|  |TAMS 0x000000070bb00000, 0x000000070bb00000| Untracked 
|  26|0x000000070bc00000, 0x000000070bc00000, 0x000000070bd00000|  0%| F|  |TAMS 0x000000070bc00000, 0x000000070bc00000| Untracked 
|  27|0x000000070bd00000, 0x000000070bd00000, 0x000000070be00000|  0%| F|  |TAMS 0x000000070bd00000, 0x000000070bd00000| Untracked 
|  28|0x000000070be00000, 0x000000070be00000, 0x000000070bf00000|  0%| F|  |TAMS 0x000000070be00000, 0x000000070be00000| Untracked 
|  29|0x000000070bf00000, 0x000000070bf00000, 0x000000070c000000|  0%| F|  |TAMS 0x000000070bf00000, 0x000000070bf00000| Untracked 
|  30|0x000000070c000000, 0x000000070c000000, 0x000000070c100000|  0%| F|  |TAMS 0x000000070c000000, 0x000000070c000000| Untracked 
|  31|0x000000070c100000, 0x000000070c100000, 0x000000070c200000|  0%| F|  |TAMS 0x000000070c100000, 0x000000070c100000| Untracked 
|  32|0x000000070c200000, 0x000000070c200000, 0x000000070c300000|  0%| F|  |TAMS 0x000000070c200000, 0x000000070c200000| Untracked 
|  33|0x000000070c300000, 0x000000070c300000, 0x000000070c400000|  0%| F|  |TAMS 0x000000070c300000, 0x000000070c300000| Untracked 
|  34|0x000000070c400000, 0x000000070c400000, 0x000000070c500000|  0%| F|  |TAMS 0x000000070c400000, 0x000000070c400000| Untracked 
|  35|0x000000070c500000, 0x000000070c500000, 0x000000070c600000|  0%| F|  |TAMS 0x000000070c500000, 0x000000070c500000| Untracked 
|  36|0x000000070c600000, 0x000000070c600000, 0x000000070c700000|  0%| F|  |TAMS 0x000000070c600000, 0x000000070c600000| Untracked 
|  37|0x000000070c700000, 0x000000070c700000, 0x000000070c800000|  0%| F|  |TAMS 0x000000070c700000, 0x000000070c700000| Untracked 
|  38|0x000000070c800000, 0x000000070c800000, 0x000000070c900000|  0%| F|  |TAMS 0x000000070c800000, 0x000000070c800000| Untracked 
|  39|0x000000070c900000, 0x000000070c900000, 0x000000070ca00000|  0%| F|  |TAMS 0x000000070c900000, 0x000000070c900000| Untracked 
|  40|0x000000070ca00000, 0x000000070ca00000, 0x000000070cb00000|  0%| F|  |TAMS 0x000000070ca00000, 0x000000070ca00000| Untracked 
|  41|0x000000070cb00000, 0x000000070cb00000, 0x000000070cc00000|  0%| F|  |TAMS 0x000000070cb00000, 0x000000070cb00000| Untracked 
|  42|0x000000070cc00000, 0x000000070cc00000, 0x000000070cd00000|  0%| F|  |TAMS 0x000000070cc00000, 0x000000070cc00000| Untracked 
|  43|0x000000070cd00000, 0x000000070cd00000, 0x000000070ce00000|  0%| F|  |TAMS 0x000000070cd00000, 0x000000070cd00000| Untracked 
|  44|0x000000070ce00000, 0x000000070ce00000, 0x000000070cf00000|  0%| F|  |TAMS 0x000000070ce00000, 0x000000070ce00000| Untracked 
|  45|0x000000070cf00000, 0x000000070cf00000, 0x000000070d000000|  0%| F|  |TAMS 0x000000070cf00000, 0x000000070cf00000| Untracked 
|  46|0x000000070d000000, 0x000000070d000000, 0x000000070d100000|  0%| F|  |TAMS 0x000000070d000000, 0x000000070d000000| Untracked 
|  47|0x000000070d100000, 0x000000070d100000, 0x000000070d200000|  0%| F|  |TAMS 0x000000070d100000, 0x000000070d100000| Untracked 
|  48|0x000000070d200000, 0x000000070d200000, 0x000000070d300000|  0%| F|  |TAMS 0x000000070d200000, 0x000000070d200000| Untracked 
|  49|0x000000070d300000, 0x000000070d300000, 0x000000070d400000|  0%| F|  |TAMS 0x000000070d300000, 0x000000070d300000| Untracked 
|  50|0x000000070d400000, 0x000000070d400000, 0x000000070d500000|  0%| F|  |TAMS 0x000000070d400000, 0x000000070d400000| Untracked 
|  51|0x000000070d500000, 0x000000070d500000, 0x000000070d600000|  0%| F|  |TAMS 0x000000070d500000, 0x000000070d500000| Untracked 
|  52|0x000000070d600000, 0x000000070d600000, 0x000000070d700000|  0%| F|  |TAMS 0x000000070d600000, 0x000000070d600000| Untracked 
|  53|0x000000070d700000, 0x000000070d700000, 0x000000070d800000|  0%| F|  |TAMS 0x000000070d700000, 0x000000070d700000| Untracked 
|  54|0x000000070d800000, 0x000000070d800000, 0x000000070d900000|  0%| F|  |TAMS 0x000000070d800000, 0x000000070d800000| Untracked 
|  55|0x000000070d900000, 0x000000070d900000, 0x000000070da00000|  0%| F|  |TAMS 0x000000070d900000, 0x000000070d900000| Untracked 
|  56|0x000000070da00000, 0x000000070da00000, 0x000000070db00000|  0%| F|  |TAMS 0x000000070da00000, 0x000000070da00000| Untracked 
|  57|0x000000070db00000, 0x000000070db00000, 0x000000070dc00000|  0%| F|  |TAMS 0x000000070db00000, 0x000000070db00000| Untracked 
|  58|0x000000070dc00000, 0x000000070dc00000, 0x000000070dd00000|  0%| F|  |TAMS 0x000000070dc00000, 0x000000070dc00000| Untracked 
|  59|0x000000070dd00000, 0x000000070dd00000, 0x000000070de00000|  0%| F|  |TAMS 0x000000070dd00000, 0x000000070dd00000| Untracked 
|  60|0x000000070de00000, 0x000000070de00000, 0x000000070df00000|  0%| F|  |TAMS 0x000000070de00000, 0x000000070de00000| Untracked 
|  61|0x000000070df00000, 0x000000070df00000, 0x000000070e000000|  0%| F|  |TAMS 0x000000070df00000, 0x000000070df00000| Untracked 
|  62|0x000000070e000000, 0x000000070e000000, 0x000000070e100000|  0%| F|  |TAMS 0x000000070e000000, 0x000000070e000000| Untracked 
|  63|0x000000070e100000, 0x000000070e100000, 0x000000070e200000|  0%| F|  |TAMS 0x000000070e100000, 0x000000070e100000| Untracked 
|  64|0x000000070e200000, 0x000000070e200000, 0x000000070e300000|  0%| F|  |TAMS 0x000000070e200000, 0x000000070e200000| Untracked 
|  65|0x000000070e300000, 0x000000070e300000, 0x000000070e400000|  0%| F|  |TAMS 0x000000070e300000, 0x000000070e300000| Untracked 
|  66|0x000000070e400000, 0x000000070e400000, 0x000000070e500000|  0%| F|  |TAMS 0x000000070e400000, 0x000000070e400000| Untracked 
|  67|0x000000070e500000, 0x000000070e500000, 0x000000070e600000|  0%| F|  |TAMS 0x000000070e500000, 0x000000070e500000| Untracked 
|  68|0x000000070e600000, 0x000000070e600000, 0x000000070e700000|  0%| F|  |TAMS 0x000000070e600000, 0x000000070e600000| Untracked 
|  69|0x000000070e700000, 0x000000070e700000, 0x000000070e800000|  0%| F|  |TAMS 0x000000070e700000, 0x000000070e700000| Untracked 
|  70|0x000000070e800000, 0x000000070e800000, 0x000000070e900000|  0%| F|  |TAMS 0x000000070e800000, 0x000000070e800000| Untracked 
|  71|0x000000070e900000, 0x000000070e900000, 0x000000070ea00000|  0%| F|  |TAMS 0x000000070e900000, 0x000000070e900000| Untracked 
|  72|0x000000070ea00000, 0x000000070ea00000, 0x000000070eb00000|  0%| F|  |TAMS 0x000000070ea00000, 0x000000070ea00000| Untracked 
|  73|0x000000070eb00000, 0x000000070eb00000, 0x000000070ec00000|  0%| F|  |TAMS 0x000000070eb00000, 0x000000070eb00000| Untracked 
|  74|0x000000070ec00000, 0x000000070ec00000, 0x000000070ed00000|  0%| F|  |TAMS 0x000000070ec00000, 0x000000070ec00000| Untracked 
|  75|0x000000070ed00000, 0x000000070ed00000, 0x000000070ee00000|  0%| F|  |TAMS 0x000000070ed00000, 0x000000070ed00000| Untracked 
|  76|0x000000070ee00000, 0x000000070ee00000, 0x000000070ef00000|  0%| F|  |TAMS 0x000000070ee00000, 0x000000070ee00000| Untracked 
|  77|0x000000070ef00000, 0x000000070ef00000, 0x000000070f000000|  0%| F|  |TAMS 0x000000070ef00000, 0x000000070ef00000| Untracked 
|  78|0x000000070f000000, 0x000000070f000000, 0x000000070f100000|  0%| F|  |TAMS 0x000000070f000000, 0x000000070f000000| Untracked 
|  79|0x000000070f100000, 0x000000070f100000, 0x000000070f200000|  0%| F|  |TAMS 0x000000070f100000, 0x000000070f100000| Untracked 
|  80|0x000000070f200000, 0x000000070f200000, 0x000000070f300000|  0%| F|  |TAMS 0x000000070f200000, 0x000000070f200000| Untracked 
|  81|0x000000070f300000, 0x000000070f300000, 0x000000070f400000|  0%| F|  |TAMS 0x000000070f300000, 0x000000070f300000| Untracked 
|  82|0x000000070f400000, 0x000000070f400000, 0x000000070f500000|  0%| F|  |TAMS 0x000000070f400000, 0x000000070f400000| Untracked 
|  83|0x000000070f500000, 0x000000070f500000, 0x000000070f600000|  0%| F|  |TAMS 0x000000070f500000, 0x000000070f500000| Untracked 
|  84|0x000000070f600000, 0x000000070f600000, 0x000000070f700000|  0%| F|  |TAMS 0x000000070f600000, 0x000000070f600000| Untracked 
|  85|0x000000070f700000, 0x000000070f700000, 0x000000070f800000|  0%| F|  |TAMS 0x000000070f700000, 0x000000070f700000| Untracked 
|  86|0x000000070f800000, 0x000000070f800000, 0x000000070f900000|  0%| F|  |TAMS 0x000000070f800000, 0x000000070f800000| Untracked 
|  87|0x000000070f900000, 0x000000070f900000, 0x000000070fa00000|  0%| F|  |TAMS 0x000000070f900000, 0x000000070f900000| Untracked 
|  88|0x000000070fa00000, 0x000000070fa00000, 0x000000070fb00000|  0%| F|  |TAMS 0x000000070fa00000, 0x000000070fa00000| Untracked 
|  89|0x000000070fb00000, 0x000000070fb00000, 0x000000070fc00000|  0%| F|  |TAMS 0x000000070fb00000, 0x000000070fb00000| Untracked 
|  90|0x000000070fc00000, 0x000000070fc00000, 0x000000070fd00000|  0%| F|  |TAMS 0x000000070fc00000, 0x000000070fc00000| Untracked 
|  91|0x000000070fd00000, 0x000000070fd00000, 0x000000070fe00000|  0%| F|  |TAMS 0x000000070fd00000, 0x000000070fd00000| Untracked 
|  92|0x000000070fe00000, 0x000000070fe00000, 0x000000070ff00000|  0%| F|  |TAMS 0x000000070fe00000, 0x000000070fe00000| Untracked 
|  93|0x000000070ff00000, 0x000000070ff00000, 0x0000000710000000|  0%| F|  |TAMS 0x000000070ff00000, 0x000000070ff00000| Untracked 
|  94|0x0000000710000000, 0x0000000710000000, 0x0000000710100000|  0%| F|  |TAMS 0x0000000710000000, 0x0000000710000000| Untracked 
|  95|0x0000000710100000, 0x0000000710100000, 0x0000000710200000|  0%| F|  |TAMS 0x0000000710100000, 0x0000000710100000| Untracked 
|  96|0x0000000710200000, 0x0000000710200000, 0x0000000710300000|  0%| F|  |TAMS 0x0000000710200000, 0x0000000710200000| Untracked 
|  97|0x0000000710300000, 0x0000000710300000, 0x0000000710400000|  0%| F|  |TAMS 0x0000000710300000, 0x0000000710300000| Untracked 
|  98|0x0000000710400000, 0x0000000710400000, 0x0000000710500000|  0%| F|  |TAMS 0x0000000710400000, 0x0000000710400000| Untracked 
|  99|0x0000000710500000, 0x0000000710500000, 0x0000000710600000|  0%| F|  |TAMS 0x0000000710500000, 0x0000000710500000| Untracked 
| 100|0x0000000710600000, 0x0000000710600000, 0x0000000710700000|  0%| F|  |TAMS 0x0000000710600000, 0x0000000710600000| Untracked 
| 101|0x0000000710700000, 0x0000000710700000, 0x0000000710800000|  0%| F|  |TAMS 0x0000000710700000, 0x0000000710700000| Untracked 
| 102|0x0000000710800000, 0x0000000710800000, 0x0000000710900000|  0%| F|  |TAMS 0x0000000710800000, 0x0000000710800000| Untracked 
| 103|0x0000000710900000, 0x0000000710900000, 0x0000000710a00000|  0%| F|  |TAMS 0x0000000710900000, 0x0000000710900000| Untracked 
| 104|0x0000000710a00000, 0x0000000710a00000, 0x0000000710b00000|  0%| F|  |TAMS 0x0000000710a00000, 0x0000000710a00000| Untracked 
| 105|0x0000000710b00000, 0x0000000710b00000, 0x0000000710c00000|  0%| F|  |TAMS 0x0000000710b00000, 0x0000000710b00000| Untracked 
| 106|0x0000000710c00000, 0x0000000710c00000, 0x0000000710d00000|  0%| F|  |TAMS 0x0000000710c00000, 0x0000000710c00000| Untracked 
| 107|0x0000000710d00000, 0x0000000710d00000, 0x0000000710e00000|  0%| F|  |TAMS 0x0000000710d00000, 0x0000000710d00000| Untracked 
| 108|0x0000000710e00000, 0x0000000710e00000, 0x0000000710f00000|  0%| F|  |TAMS 0x0000000710e00000, 0x0000000710e00000| Untracked 
| 109|0x0000000710f00000, 0x0000000710f00000, 0x0000000711000000|  0%| F|  |TAMS 0x0000000710f00000, 0x0000000710f00000| Untracked 
| 110|0x0000000711000000, 0x0000000711000000, 0x0000000711100000|  0%| F|  |TAMS 0x0000000711000000, 0x0000000711000000| Untracked 
| 111|0x0000000711100000, 0x0000000711100000, 0x0000000711200000|  0%| F|  |TAMS 0x0000000711100000, 0x0000000711100000| Untracked 
| 112|0x0000000711200000, 0x0000000711200000, 0x0000000711300000|  0%| F|  |TAMS 0x0000000711200000, 0x0000000711200000| Untracked 
| 113|0x0000000711300000, 0x0000000711300000, 0x0000000711400000|  0%| F|  |TAMS 0x0000000711300000, 0x0000000711300000| Untracked 
| 114|0x0000000711400000, 0x0000000711400000, 0x0000000711500000|  0%| F|  |TAMS 0x0000000711400000, 0x0000000711400000| Untracked 
| 115|0x0000000711500000, 0x0000000711500000, 0x0000000711600000|  0%| F|  |TAMS 0x0000000711500000, 0x0000000711500000| Untracked 
| 116|0x0000000711600000, 0x0000000711600000, 0x0000000711700000|  0%| F|  |TAMS 0x0000000711600000, 0x0000000711600000| Untracked 
| 117|0x0000000711700000, 0x0000000711700000, 0x0000000711800000|  0%| F|  |TAMS 0x0000000711700000, 0x0000000711700000| Untracked 
| 118|0x0000000711800000, 0x0000000711800000, 0x0000000711900000|  0%| F|  |TAMS 0x0000000711800000, 0x0000000711800000| Untracked 
| 119|0x0000000711900000, 0x0000000711900000, 0x0000000711a00000|  0%| F|  |TAMS 0x0000000711900000, 0x0000000711900000| Untracked 
| 120|0x0000000711a00000, 0x0000000711a00000, 0x0000000711b00000|  0%| F|  |TAMS 0x0000000711a00000, 0x0000000711a00000| Untracked 
| 121|0x0000000711b00000, 0x0000000711b00000, 0x0000000711c00000|  0%| F|  |TAMS 0x0000000711b00000, 0x0000000711b00000| Untracked 
| 122|0x0000000711c00000, 0x0000000711c00000, 0x0000000711d00000|  0%| F|  |TAMS 0x0000000711c00000, 0x0000000711c00000| Untracked 
| 123|0x0000000711d00000, 0x0000000711d00000, 0x0000000711e00000|  0%| F|  |TAMS 0x0000000711d00000, 0x0000000711d00000| Untracked 
| 124|0x0000000711e00000, 0x0000000711e00000, 0x0000000711f00000|  0%| F|  |TAMS 0x0000000711e00000, 0x0000000711e00000| Untracked 
| 125|0x0000000711f00000, 0x0000000711f00000, 0x0000000712000000|  0%| F|  |TAMS 0x0000000711f00000, 0x0000000711f00000| Untracked 
| 126|0x0000000712000000, 0x0000000712000000, 0x0000000712100000|  0%| F|  |TAMS 0x0000000712000000, 0x0000000712000000| Untracked 
| 127|0x0000000712100000, 0x0000000712100000, 0x0000000712200000|  0%| F|  |TAMS 0x0000000712100000, 0x0000000712100000| Untracked 
| 128|0x0000000712200000, 0x0000000712200000, 0x0000000712300000|  0%| F|  |TAMS 0x0000000712200000, 0x0000000712200000| Untracked 
| 129|0x0000000712300000, 0x0000000712300000, 0x0000000712400000|  0%| F|  |TAMS 0x0000000712300000, 0x0000000712300000| Untracked 
| 130|0x0000000712400000, 0x0000000712400000, 0x0000000712500000|  0%| F|  |TAMS 0x0000000712400000, 0x0000000712400000| Untracked 
| 131|0x0000000712500000, 0x0000000712500000, 0x0000000712600000|  0%| F|  |TAMS 0x0000000712500000, 0x0000000712500000| Untracked 
| 132|0x0000000712600000, 0x0000000712600000, 0x0000000712700000|  0%| F|  |TAMS 0x0000000712600000, 0x0000000712600000| Untracked 
| 133|0x0000000712700000, 0x0000000712700000, 0x0000000712800000|  0%| F|  |TAMS 0x0000000712700000, 0x0000000712700000| Untracked 
| 134|0x0000000712800000, 0x0000000712800000, 0x0000000712900000|  0%| F|  |TAMS 0x0000000712800000, 0x0000000712800000| Untracked 
| 135|0x0000000712900000, 0x0000000712900000, 0x0000000712a00000|  0%| F|  |TAMS 0x0000000712900000, 0x0000000712900000| Untracked 
| 136|0x0000000712a00000, 0x0000000712a00000, 0x0000000712b00000|  0%| F|  |TAMS 0x0000000712a00000, 0x0000000712a00000| Untracked 
| 137|0x0000000712b00000, 0x0000000712b00000, 0x0000000712c00000|  0%| F|  |TAMS 0x0000000712b00000, 0x0000000712b00000| Untracked 
| 138|0x0000000712c00000, 0x0000000712c00000, 0x0000000712d00000|  0%| F|  |TAMS 0x0000000712c00000, 0x0000000712c00000| Untracked 
| 139|0x0000000712d00000, 0x0000000712d00000, 0x0000000712e00000|  0%| F|  |TAMS 0x0000000712d00000, 0x0000000712d00000| Untracked 
| 140|0x0000000712e00000, 0x0000000712e00000, 0x0000000712f00000|  0%| F|  |TAMS 0x0000000712e00000, 0x0000000712e00000| Untracked 
| 141|0x0000000712f00000, 0x0000000712f00000, 0x0000000713000000|  0%| F|  |TAMS 0x0000000712f00000, 0x0000000712f00000| Untracked 
| 142|0x0000000713000000, 0x0000000713000000, 0x0000000713100000|  0%| F|  |TAMS 0x0000000713000000, 0x0000000713000000| Untracked 
| 143|0x0000000713100000, 0x0000000713100000, 0x0000000713200000|  0%| F|  |TAMS 0x0000000713100000, 0x0000000713100000| Untracked 
| 144|0x0000000713200000, 0x0000000713200000, 0x0000000713300000|  0%| F|  |TAMS 0x0000000713200000, 0x0000000713200000| Untracked 
| 145|0x0000000713300000, 0x0000000713300000, 0x0000000713400000|  0%| F|  |TAMS 0x0000000713300000, 0x0000000713300000| Untracked 
| 146|0x0000000713400000, 0x0000000713400000, 0x0000000713500000|  0%| F|  |TAMS 0x0000000713400000, 0x0000000713400000| Untracked 
| 147|0x0000000713500000, 0x0000000713500000, 0x0000000713600000|  0%| F|  |TAMS 0x0000000713500000, 0x0000000713500000| Untracked 
| 148|0x0000000713600000, 0x0000000713600000, 0x0000000713700000|  0%| F|  |TAMS 0x0000000713600000, 0x0000000713600000| Untracked 
| 149|0x0000000713700000, 0x0000000713700000, 0x0000000713800000|  0%| F|  |TAMS 0x0000000713700000, 0x0000000713700000| Untracked 
| 150|0x0000000713800000, 0x0000000713800000, 0x0000000713900000|  0%| F|  |TAMS 0x0000000713800000, 0x0000000713800000| Untracked 
| 151|0x0000000713900000, 0x0000000713900000, 0x0000000713a00000|  0%| F|  |TAMS 0x0000000713900000, 0x0000000713900000| Untracked 
| 152|0x0000000713a00000, 0x0000000713a00000, 0x0000000713b00000|  0%| F|  |TAMS 0x0000000713a00000, 0x0000000713a00000| Untracked 
| 153|0x0000000713b00000, 0x0000000713b00000, 0x0000000713c00000|  0%| F|  |TAMS 0x0000000713b00000, 0x0000000713b00000| Untracked 
| 154|0x0000000713c00000, 0x0000000713c00000, 0x0000000713d00000|  0%| F|  |TAMS 0x0000000713c00000, 0x0000000713c00000| Untracked 
| 155|0x0000000713d00000, 0x0000000713d00000, 0x0000000713e00000|  0%| F|  |TAMS 0x0000000713d00000, 0x0000000713d00000| Untracked 
| 156|0x0000000713e00000, 0x0000000713e00000, 0x0000000713f00000|  0%| F|  |TAMS 0x0000000713e00000, 0x0000000713e00000| Untracked 
| 157|0x0000000713f00000, 0x0000000713f00000, 0x0000000714000000|  0%| F|  |TAMS 0x0000000713f00000, 0x0000000713f00000| Untracked 
| 158|0x0000000714000000, 0x0000000714000000, 0x0000000714100000|  0%| F|  |TAMS 0x0000000714000000, 0x0000000714000000| Untracked 
| 159|0x0000000714100000, 0x0000000714100000, 0x0000000714200000|  0%| F|  |TAMS 0x0000000714100000, 0x0000000714100000| Untracked 
| 160|0x0000000714200000, 0x0000000714200000, 0x0000000714300000|  0%| F|  |TAMS 0x0000000714200000, 0x0000000714200000| Untracked 
| 161|0x0000000714300000, 0x0000000714300000, 0x0000000714400000|  0%| F|  |TAMS 0x0000000714300000, 0x0000000714300000| Untracked 
| 162|0x0000000714400000, 0x0000000714400000, 0x0000000714500000|  0%| F|  |TAMS 0x0000000714400000, 0x0000000714400000| Untracked 
| 163|0x0000000714500000, 0x0000000714500000, 0x0000000714600000|  0%| F|  |TAMS 0x0000000714500000, 0x0000000714500000| Untracked 
| 164|0x0000000714600000, 0x0000000714600000, 0x0000000714700000|  0%| F|  |TAMS 0x0000000714600000, 0x0000000714600000| Untracked 
| 165|0x0000000714700000, 0x0000000714700000, 0x0000000714800000|  0%| F|  |TAMS 0x0000000714700000, 0x0000000714700000| Untracked 
| 166|0x0000000714800000, 0x0000000714800000, 0x0000000714900000|  0%| F|  |TAMS 0x0000000714800000, 0x0000000714800000| Untracked 
| 167|0x0000000714900000, 0x0000000714900000, 0x0000000714a00000|  0%| F|  |TAMS 0x0000000714900000, 0x0000000714900000| Untracked 
| 168|0x0000000714a00000, 0x0000000714a00000, 0x0000000714b00000|  0%| F|  |TAMS 0x0000000714a00000, 0x0000000714a00000| Untracked 
| 169|0x0000000714b00000, 0x0000000714b00000, 0x0000000714c00000|  0%| F|  |TAMS 0x0000000714b00000, 0x0000000714b00000| Untracked 
| 170|0x0000000714c00000, 0x0000000714c00000, 0x0000000714d00000|  0%| F|  |TAMS 0x0000000714c00000, 0x0000000714c00000| Untracked 
| 171|0x0000000714d00000, 0x0000000714d00000, 0x0000000714e00000|  0%| F|  |TAMS 0x0000000714d00000, 0x0000000714d00000| Untracked 
| 172|0x0000000714e00000, 0x0000000714e00000, 0x0000000714f00000|  0%| F|  |TAMS 0x0000000714e00000, 0x0000000714e00000| Untracked 
| 173|0x0000000714f00000, 0x0000000714f00000, 0x0000000715000000|  0%| F|  |TAMS 0x0000000714f00000, 0x0000000714f00000| Untracked 
| 174|0x0000000715000000, 0x0000000715000000, 0x0000000715100000|  0%| F|  |TAMS 0x0000000715000000, 0x0000000715000000| Untracked 
| 175|0x0000000715100000, 0x0000000715100000, 0x0000000715200000|  0%| F|  |TAMS 0x0000000715100000, 0x0000000715100000| Untracked 
| 176|0x0000000715200000, 0x0000000715200000, 0x0000000715300000|  0%| F|  |TAMS 0x0000000715200000, 0x0000000715200000| Untracked 
| 177|0x0000000715300000, 0x0000000715300000, 0x0000000715400000|  0%| F|  |TAMS 0x0000000715300000, 0x0000000715300000| Untracked 
| 178|0x0000000715400000, 0x0000000715400000, 0x0000000715500000|  0%| F|  |TAMS 0x0000000715400000, 0x0000000715400000| Untracked 
| 179|0x0000000715500000, 0x0000000715500000, 0x0000000715600000|  0%| F|  |TAMS 0x0000000715500000, 0x0000000715500000| Untracked 
| 180|0x0000000715600000, 0x0000000715600000, 0x0000000715700000|  0%| F|  |TAMS 0x0000000715600000, 0x0000000715600000| Untracked 
| 181|0x0000000715700000, 0x0000000715700000, 0x0000000715800000|  0%| F|  |TAMS 0x0000000715700000, 0x0000000715700000| Untracked 
| 182|0x0000000715800000, 0x0000000715800000, 0x0000000715900000|  0%| F|  |TAMS 0x0000000715800000, 0x0000000715800000| Untracked 
| 183|0x0000000715900000, 0x0000000715900000, 0x0000000715a00000|  0%| F|  |TAMS 0x0000000715900000, 0x0000000715900000| Untracked 
| 184|0x0000000715a00000, 0x0000000715a00000, 0x0000000715b00000|  0%| F|  |TAMS 0x0000000715a00000, 0x0000000715a00000| Untracked 
| 185|0x0000000715b00000, 0x0000000715b00000, 0x0000000715c00000|  0%| F|  |TAMS 0x0000000715b00000, 0x0000000715b00000| Untracked 
| 186|0x0000000715c00000, 0x0000000715c00000, 0x0000000715d00000|  0%| F|  |TAMS 0x0000000715c00000, 0x0000000715c00000| Untracked 
| 187|0x0000000715d00000, 0x0000000715d00000, 0x0000000715e00000|  0%| F|  |TAMS 0x0000000715d00000, 0x0000000715d00000| Untracked 
| 188|0x0000000715e00000, 0x0000000715e00000, 0x0000000715f00000|  0%| F|  |TAMS 0x0000000715e00000, 0x0000000715e00000| Untracked 
| 189|0x0000000715f00000, 0x0000000715f00000, 0x0000000716000000|  0%| F|  |TAMS 0x0000000715f00000, 0x0000000715f00000| Untracked 
| 190|0x0000000716000000, 0x0000000716000000, 0x0000000716100000|  0%| F|  |TAMS 0x0000000716000000, 0x0000000716000000| Untracked 
| 191|0x0000000716100000, 0x0000000716100000, 0x0000000716200000|  0%| F|  |TAMS 0x0000000716100000, 0x0000000716100000| Untracked 
| 192|0x0000000716200000, 0x0000000716200000, 0x0000000716300000|  0%| F|  |TAMS 0x0000000716200000, 0x0000000716200000| Untracked 
| 193|0x0000000716300000, 0x0000000716300000, 0x0000000716400000|  0%| F|  |TAMS 0x0000000716300000, 0x0000000716300000| Untracked 
| 194|0x0000000716400000, 0x0000000716400000, 0x0000000716500000|  0%| F|  |TAMS 0x0000000716400000, 0x0000000716400000| Untracked 
| 195|0x0000000716500000, 0x0000000716500000, 0x0000000716600000|  0%| F|  |TAMS 0x0000000716500000, 0x0000000716500000| Untracked 
| 196|0x0000000716600000, 0x0000000716600000, 0x0000000716700000|  0%| F|  |TAMS 0x0000000716600000, 0x0000000716600000| Untracked 
| 197|0x0000000716700000, 0x0000000716700000, 0x0000000716800000|  0%| F|  |TAMS 0x0000000716700000, 0x0000000716700000| Untracked 
| 198|0x0000000716800000, 0x0000000716800000, 0x0000000716900000|  0%| F|  |TAMS 0x0000000716800000, 0x0000000716800000| Untracked 
| 199|0x0000000716900000, 0x0000000716900000, 0x0000000716a00000|  0%| F|  |TAMS 0x0000000716900000, 0x0000000716900000| Untracked 
| 200|0x0000000716a00000, 0x0000000716a00000, 0x0000000716b00000|  0%| F|  |TAMS 0x0000000716a00000, 0x0000000716a00000| Untracked 
| 201|0x0000000716b00000, 0x0000000716b00000, 0x0000000716c00000|  0%| F|  |TAMS 0x0000000716b00000, 0x0000000716b00000| Untracked 
| 202|0x0000000716c00000, 0x0000000716c00000, 0x0000000716d00000|  0%| F|  |TAMS 0x0000000716c00000, 0x0000000716c00000| Untracked 
| 203|0x0000000716d00000, 0x0000000716d00000, 0x0000000716e00000|  0%| F|  |TAMS 0x0000000716d00000, 0x0000000716d00000| Untracked 
| 204|0x0000000716e00000, 0x0000000716e00000, 0x0000000716f00000|  0%| F|  |TAMS 0x0000000716e00000, 0x0000000716e00000| Untracked 
| 205|0x0000000716f00000, 0x0000000716f00000, 0x0000000717000000|  0%| F|  |TAMS 0x0000000716f00000, 0x0000000716f00000| Untracked 
| 206|0x0000000717000000, 0x0000000717000000, 0x0000000717100000|  0%| F|  |TAMS 0x0000000717000000, 0x0000000717000000| Untracked 
| 207|0x0000000717100000, 0x0000000717100000, 0x0000000717200000|  0%| F|  |TAMS 0x0000000717100000, 0x0000000717100000| Untracked 
| 208|0x0000000717200000, 0x0000000717200000, 0x0000000717300000|  0%| F|  |TAMS 0x0000000717200000, 0x0000000717200000| Untracked 
| 209|0x0000000717300000, 0x0000000717300000, 0x0000000717400000|  0%| F|  |TAMS 0x0000000717300000, 0x0000000717300000| Untracked 
| 210|0x0000000717400000, 0x0000000717400000, 0x0000000717500000|  0%| F|  |TAMS 0x0000000717400000, 0x0000000717400000| Untracked 
| 211|0x0000000717500000, 0x0000000717500000, 0x0000000717600000|  0%| F|  |TAMS 0x0000000717500000, 0x0000000717500000| Untracked 
| 212|0x0000000717600000, 0x0000000717600000, 0x0000000717700000|  0%| F|  |TAMS 0x0000000717600000, 0x0000000717600000| Untracked 
| 213|0x0000000717700000, 0x0000000717700000, 0x0000000717800000|  0%| F|  |TAMS 0x0000000717700000, 0x0000000717700000| Untracked 
| 214|0x0000000717800000, 0x0000000717800000, 0x0000000717900000|  0%| F|  |TAMS 0x0000000717800000, 0x0000000717800000| Untracked 
| 215|0x0000000717900000, 0x0000000717900000, 0x0000000717a00000|  0%| F|  |TAMS 0x0000000717900000, 0x0000000717900000| Untracked 
| 216|0x0000000717a00000, 0x0000000717a00000, 0x0000000717b00000|  0%| F|  |TAMS 0x0000000717a00000, 0x0000000717a00000| Untracked 
| 217|0x0000000717b00000, 0x0000000717b00000, 0x0000000717c00000|  0%| F|  |TAMS 0x0000000717b00000, 0x0000000717b00000| Untracked 
| 218|0x0000000717c00000, 0x0000000717c00000, 0x0000000717d00000|  0%| F|  |TAMS 0x0000000717c00000, 0x0000000717c00000| Untracked 
| 219|0x0000000717d00000, 0x0000000717d00000, 0x0000000717e00000|  0%| F|  |TAMS 0x0000000717d00000, 0x0000000717d00000| Untracked 
| 220|0x0000000717e00000, 0x0000000717e00000, 0x0000000717f00000|  0%| F|  |TAMS 0x0000000717e00000, 0x0000000717e00000| Untracked 
| 221|0x0000000717f00000, 0x0000000717f00000, 0x0000000718000000|  0%| F|  |TAMS 0x0000000717f00000, 0x0000000717f00000| Untracked 
| 222|0x0000000718000000, 0x0000000718000000, 0x0000000718100000|  0%| F|  |TAMS 0x0000000718000000, 0x0000000718000000| Untracked 
| 223|0x0000000718100000, 0x0000000718100000, 0x0000000718200000|  0%| F|  |TAMS 0x0000000718100000, 0x0000000718100000| Untracked 
| 224|0x0000000718200000, 0x0000000718200000, 0x0000000718300000|  0%| F|  |TAMS 0x0000000718200000, 0x0000000718200000| Untracked 
| 225|0x0000000718300000, 0x0000000718300000, 0x0000000718400000|  0%| F|  |TAMS 0x0000000718300000, 0x0000000718300000| Untracked 
| 226|0x0000000718400000, 0x0000000718400000, 0x0000000718500000|  0%| F|  |TAMS 0x0000000718400000, 0x0000000718400000| Untracked 
| 227|0x0000000718500000, 0x0000000718500000, 0x0000000718600000|  0%| F|  |TAMS 0x0000000718500000, 0x0000000718500000| Untracked 
| 228|0x0000000718600000, 0x0000000718600000, 0x0000000718700000|  0%| F|  |TAMS 0x0000000718600000, 0x0000000718600000| Untracked 
| 229|0x0000000718700000, 0x0000000718700000, 0x0000000718800000|  0%| F|  |TAMS 0x0000000718700000, 0x0000000718700000| Untracked 
| 230|0x0000000718800000, 0x0000000718800000, 0x0000000718900000|  0%| F|  |TAMS 0x0000000718800000, 0x0000000718800000| Untracked 
| 231|0x0000000718900000, 0x0000000718900000, 0x0000000718a00000|  0%| F|  |TAMS 0x0000000718900000, 0x0000000718900000| Untracked 
| 232|0x0000000718a00000, 0x0000000718a00000, 0x0000000718b00000|  0%| F|  |TAMS 0x0000000718a00000, 0x0000000718a00000| Untracked 
| 233|0x0000000718b00000, 0x0000000718b00000, 0x0000000718c00000|  0%| F|  |TAMS 0x0000000718b00000, 0x0000000718b00000| Untracked 
| 234|0x0000000718c00000, 0x0000000718c00000, 0x0000000718d00000|  0%| F|  |TAMS 0x0000000718c00000, 0x0000000718c00000| Untracked 
| 235|0x0000000718d00000, 0x0000000718d00000, 0x0000000718e00000|  0%| F|  |TAMS 0x0000000718d00000, 0x0000000718d00000| Untracked 
| 236|0x0000000718e00000, 0x0000000718e00000, 0x0000000718f00000|  0%| F|  |TAMS 0x0000000718e00000, 0x0000000718e00000| Untracked 
| 237|0x0000000718f00000, 0x0000000718f00000, 0x0000000719000000|  0%| F|  |TAMS 0x0000000718f00000, 0x0000000718f00000| Untracked 
| 238|0x0000000719000000, 0x0000000719000000, 0x0000000719100000|  0%| F|  |TAMS 0x0000000719000000, 0x0000000719000000| Untracked 
| 239|0x0000000719100000, 0x00000007191ff8c8, 0x0000000719200000| 99%| E|  |TAMS 0x0000000719100000, 0x0000000719100000| Complete 
| 240|0x0000000719200000, 0x0000000719300000, 0x0000000719300000|100%| E|CS|TAMS 0x0000000719200000, 0x0000000719200000| Complete 
| 241|0x0000000719300000, 0x0000000719400000, 0x0000000719400000|100%| E|CS|TAMS 0x0000000719300000, 0x0000000719300000| Complete 
| 242|0x0000000719400000, 0x0000000719500000, 0x0000000719500000|100%| E|CS|TAMS 0x0000000719400000, 0x0000000719400000| Complete 
| 243|0x0000000719500000, 0x0000000719600000, 0x0000000719600000|100%| E|CS|TAMS 0x0000000719500000, 0x0000000719500000| Complete 
| 244|0x0000000719600000, 0x0000000719700000, 0x0000000719700000|100%| E|CS|TAMS 0x0000000719600000, 0x0000000719600000| Complete 
| 245|0x0000000719700000, 0x0000000719800000, 0x0000000719800000|100%| E|CS|TAMS 0x0000000719700000, 0x0000000719700000| Complete 

Card table byte_map: [0x000001c7748b0000,0x000001c775060000] _byte_map_base: 0x000001c77105f000

Marking Bits (Prev, Next): (CMBitMap*) 0x000001c75c6dc908, (CMBitMap*) 0x000001c75c6dc940
 Prev Bits: [0x000001c775810000, 0x000001c779588000)
 Next Bits: [0x000001c779590000, 0x000001c77d308000)

Polling page: 0x000001c75a630000

Metaspace:

Usage:
  Non-class:      8.25 MB capacity,     8.13 MB ( 99%) used,   109.46 KB (  1%) free+waste,    10.06 KB ( <1%) overhead. 
      Class:    778.00 KB capacity,   732.84 KB ( 94%) used,    40.47 KB (  5%) free+waste,     4.69 KB ( <1%) overhead. 
       Both:      9.01 MB capacity,     8.85 MB ( 98%) used,   149.93 KB (  2%) free+waste,    14.75 KB ( <1%) overhead. 

Virtual space:
  Non-class space:       10.00 MB reserved,       8.25 MB ( 83%) committed 
      Class space:        1.00 GB reserved,     896.00 KB ( <1%) committed 
             Both:        1.01 GB reserved,       9.13 MB ( <1%) committed 

Chunk freelists:
   Non-Class:  4.00 KB
       Class:  22.00 KB
        Both:  26.00 KB

MaxMetaspaceSize: 17179869184.00 GB
CompressedClassSpaceSize: 1.00 GB
Initial GC threshold: 20.80 MB
Current GC threshold: 20.80 MB
CDS: off

CodeHeap 'non-profiled nmethods': size=120000Kb used=153Kb max_used=153Kb free=119846Kb
 bounds [0x000001c76c8a0000, 0x000001c76cb10000, 0x000001c773dd0000]
CodeHeap 'profiled nmethods': size=120000Kb used=772Kb max_used=772Kb free=119227Kb
 bounds [0x000001c765370000, 0x000001c7655e0000, 0x000001c76c8a0000]
CodeHeap 'non-nmethods': size=5760Kb used=1165Kb max_used=1178Kb free=4594Kb
 bounds [0x000001c764dd0000, 0x000001c765040000, 0x000001c765370000]
 total_blobs=933 nmethods=505 adapters=341
 compilation: enabled
              stopped_count=0, restarted_count=0
 full_count=0

Compilation events (20 events):
Event: 0.359 Thread 0x000001c7008ff000  494       3       java.util.zip.ZipUtils::CENLEN (9 bytes)
Event: 0.359 Thread 0x000001c7008ff000 nmethod 494 0x000001c76542bf10 code [0x000001c76542c0e0, 0x000001c76542c3b8]
Event: 0.359 Thread 0x000001c7008ff000  495       3       java.io.RandomAccessFile::seek (22 bytes)
Event: 0.360 Thread 0x000001c7008ff000 nmethod 495 0x000001c76542c590 code [0x000001c76542c760, 0x000001c76542c998]
Event: 0.360 Thread 0x000001c7008ff000  497       3       java.lang.Integer::toUnsignedLong (7 bytes)
Event: 0.360 Thread 0x000001c7008ff000 nmethod 497 0x000001c76542ca90 code [0x000001c76542cc40, 0x000001c76542cd38]
Event: 0.360 Thread 0x000001c7008ff000  500       3       org.lwjgl.system.MemoryUtil::memPutAddress (29 bytes)
Event: 0.360 Thread 0x000001c7008ff000 nmethod 500 0x000001c76542ce10 code [0x000001c76542cfc0, 0x000001c76542d1b8]
Event: 0.360 Thread 0x000001c7008ff000  499       3       sun.misc.Unsafe::putLong (11 bytes)
Event: 0.360 Thread 0x000001c700d51000  501       4       java.lang.Integer::toUnsignedLong (7 bytes)
Event: 0.360 Thread 0x000001c7008ff000 nmethod 499 0x000001c76542d290 code [0x000001c76542d440, 0x000001c76542d538]
Event: 0.361 Thread 0x000001c700d51000 nmethod 501 0x000001c76c8c6010 code [0x000001c76c8c61a0, 0x000001c76c8c61d8]
Event: 0.363 Thread 0x000001c7008ff000  502       1       java.security.CodeSource::getLocation (5 bytes)
Event: 0.363 Thread 0x000001c7008ff000 nmethod 502 0x000001c76c8c6310 code [0x000001c76c8c64c0, 0x000001c76c8c6578]
Event: 0.363 Thread 0x000001c7008ff000  503       3       sun.net.util.IPAddressUtil::checkHostString (53 bytes)
Event: 0.364 Thread 0x000001c7008ff000 nmethod 503 0x000001c76542d610 code [0x000001c76542d8e0, 0x000001c76542e628]
Event: 0.364 Thread 0x000001c7008ff000  504       3       sun.net.util.IPAddressUtil::scan (92 bytes)
Event: 0.365 Thread 0x000001c7008ff000 nmethod 504 0x000001c76542eb10 code [0x000001c76542ed80, 0x000001c76542f878]
Event: 0.365 Thread 0x000001c7008ff000  505       3       java.net.URLStreamHandler::setURL (73 bytes)
Event: 0.366 Thread 0x000001c7008ff000 nmethod 505 0x000001c76542fe10 code [0x000001c7654300e0, 0x000001c765430df8]

GC Heap History (0 events):
No events

Deoptimization events (14 events):
Event: 0.099 Thread 0x000001c75c67a800 Uncommon trap: trap_request=0xffffff4d fr.pc=0x000001c76c8a449c relative=0x000000000000017c
Event: 0.099 Thread 0x000001c75c67a800 Uncommon trap: reason=unstable_if action=reinterpret pc=0x000001c76c8a449c method=java.lang.String.hashCode()I @ 14 c2
Event: 0.100 Thread 0x000001c75c67a800 DEOPT PACKING pc=0x000001c76c8a449c sp=0x0000005f256fd4d0
Event: 0.100 Thread 0x000001c75c67a800 DEOPT UNPACKING pc=0x000001c764e1a1af sp=0x0000005f256fd468 mode 2
Event: 0.196 Thread 0x000001c75c67a800 DEOPT PACKING pc=0x000001c7653af368 sp=0x0000005f256fa500
Event: 0.196 Thread 0x000001c75c67a800 DEOPT UNPACKING pc=0x000001c764e1a95e sp=0x0000005f256f9958 mode 0
Event: 0.226 Thread 0x000001c75c67a800 DEOPT PACKING pc=0x000001c7653b1ec2 sp=0x0000005f256fb0b0
Event: 0.226 Thread 0x000001c75c67a800 DEOPT UNPACKING pc=0x000001c764e1a95e sp=0x0000005f256fa518 mode 0
Event: 0.245 Thread 0x000001c75c67a800 Uncommon trap: trap_request=0xffffff4d fr.pc=0x000001c76c8b8700 relative=0x0000000000000060
Event: 0.245 Thread 0x000001c75c67a800 Uncommon trap: reason=unstable_if action=reinterpret pc=0x000001c76c8b8700 method=java.io.WinNTFileSystem.isSlash(C)Z @ 9 c2
Event: 0.245 Thread 0x000001c75c67a800 DEOPT PACKING pc=0x000001c76c8b8700 sp=0x0000005f256fbea0
Event: 0.245 Thread 0x000001c75c67a800 DEOPT UNPACKING pc=0x000001c764e1a1af sp=0x0000005f256fbe28 mode 2
Event: 0.256 Thread 0x000001c75c67a800 DEOPT PACKING pc=0x000001c7653a2ad0 sp=0x0000005f256f9890
Event: 0.256 Thread 0x000001c75c67a800 DEOPT UNPACKING pc=0x000001c764e1a95e sp=0x0000005f256f8d18 mode 0

Classes redefined (0 events):
No events

Internal exceptions (20 events):
Event: 0.261 Thread 0x000001c75c67a800 Exception <a 'java/security/PrivilegedActionException'{0x00000007193866b0}> (0x00000007193866b0) thrown at [./src/hotspot/share/prims/jvm.cpp, line 1306]
Event: 0.292 Thread 0x000001c75c67a800 Exception <a 'sun/nio/fs/WindowsException'{0x00000007193ca858}> (0x00000007193ca858) thrown at [./src/hotspot/share/prims/jni.cpp, line 617]
Event: 0.292 Thread 0x000001c75c67a800 Exception <a 'sun/nio/fs/WindowsException'{0x00000007193cac00}> (0x00000007193cac00) thrown at [./src/hotspot/share/prims/jni.cpp, line 617]
Event: 0.301 Thread 0x000001c75c67a800 Exception <a 'sun/nio/fs/WindowsException'{0x00000007193e2e68}> (0x00000007193e2e68) thrown at [./src/hotspot/share/prims/jni.cpp, line 617]
Event: 0.301 Thread 0x000001c75c67a800 Exception <a 'sun/nio/fs/WindowsException'{0x00000007193e3148}> (0x00000007193e3148) thrown at [./src/hotspot/share/prims/jni.cpp, line 617]
Event: 0.316 Thread 0x000001c75c67a800 Exception <a 'java/lang/NoSuchMethodError'{0x0000000719250580}: 'int java.lang.invoke.DirectMethodHandle$Holder.invokeStaticInit(java.lang.Object, java.lang.Object, int, long)'> (0x0000000719250580) thrown at [./src/hotspot/share/interpreter/linkResolver.cpp, line 773]
Event: 0.317 Thread 0x000001c75c67a800 Exception <a 'java/lang/NoSuchMethodError'{0x00000007192559d0}: 'java.lang.Object java.lang.invoke.Invokers$Holder.linkToTargetMethod(java.lang.Object, int, java.lang.Object)'> (0x00000007192559d0) thrown at [./src/hotspot/share/interpreter/linkResolver.cpp, line 773]
Event: 0.320 Thread 0x000001c75c67a800 Exception <a 'java/lang/NoSuchMethodError'{0x0000000719266f10}: 'int java.lang.invoke.DirectMethodHandle$Holder.invokeStaticInit(java.lang.Object, java.lang.Object, long, long)'> (0x0000000719266f10) thrown at [./src/hotspot/share/interpreter/linkResolver.cpp, line 773]
Event: 0.321 Thread 0x000001c75c67a800 Exception <a 'java/lang/NoSuchMethodError'{0x0000000719272918}: 'java.lang.Object java.lang.invoke.Invokers$Holder.linkToTargetMethod(java.lang.Object, long, java.lang.Object)'> (0x0000000719272918) thrown at [./src/hotspot/share/interpreter/linkResolver.cpp, line 773]
Event: 0.322 Thread 0x000001c75c67a800 Exception <a 'java/lang/NoSuchMethodError'{0x0000000719278c50}: 'int java.lang.invoke.DirectMethodHandle$Holder.invokeStaticInit(java.lang.Object, java.lang.Object, java.lang.Object, long)'> (0x0000000719278c50) thrown at [./src/hotspot/share/interpreter/linkResolver.cpp, line 773]
Event: 0.330 Thread 0x000001c75c67a800 Exception <a 'java/security/PrivilegedActionException'{0x00000007192b0a70}> (0x00000007192b0a70) thrown at [./src/hotspot/share/prims/jvm.cpp, line 1306]
Event: 0.330 Thread 0x000001c75c67a800 Exception <a 'java/security/PrivilegedActionException'{0x00000007192b0fe8}> (0x00000007192b0fe8) thrown at [./src/hotspot/share/prims/jvm.cpp, line 1306]
Event: 0.331 Thread 0x000001c75c67a800 Exception <a 'java/security/PrivilegedActionException'{0x00000007192b3328}> (0x00000007192b3328) thrown at [./src/hotspot/share/prims/jvm.cpp, line 1306]
Event: 0.331 Thread 0x000001c75c67a800 Exception <a 'java/security/PrivilegedActionException'{0x00000007192b38a0}> (0x00000007192b38a0) thrown at [./src/hotspot/share/prims/jvm.cpp, line 1306]
Event: 0.331 Thread 0x000001c75c67a800 Exception <a 'java/security/PrivilegedActionException'{0x00000007192b5c30}> (0x00000007192b5c30) thrown at [./src/hotspot/share/prims/jvm.cpp, line 1306]
Event: 0.331 Thread 0x000001c75c67a800 Exception <a 'java/security/PrivilegedActionException'{0x00000007192b61a8}> (0x00000007192b61a8) thrown at [./src/hotspot/share/prims/jvm.cpp, line 1306]
Event: 0.331 Thread 0x000001c75c67a800 Exception <a 'java/security/PrivilegedActionException'{0x00000007192b8538}> (0x00000007192b8538) thrown at [./src/hotspot/share/prims/jvm.cpp, line 1306]
Event: 0.331 Thread 0x000001c75c67a800 Exception <a 'java/security/PrivilegedActionException'{0x00000007192b8ab0}> (0x00000007192b8ab0) thrown at [./src/hotspot/share/prims/jvm.cpp, line 1306]
Event: 0.331 Thread 0x000001c75c67a800 Exception <a 'java/security/PrivilegedActionException'{0x00000007192badf0}> (0x00000007192badf0) thrown at [./src/hotspot/share/prims/jvm.cpp, line 1306]
Event: 0.331 Thread 0x000001c75c67a800 Exception <a 'java/security/PrivilegedActionException'{0x00000007192bb368}> (0x00000007192bb368) thrown at [./src/hotspot/share/prims/jvm.cpp, line 1306]

Events (20 events):
Event: 0.356 loading class org/lwjgl/system/MemoryManage$DebugAllocator
Event: 0.356 loading class org/lwjgl/system/MemoryManage$DebugAllocator done
Event: 0.358 loading class org/lwjgl/system/libc/LibCStdlib
Event: 0.358 loading class org/lwjgl/system/libc/LibCStdlib done
Event: 0.359 loading class org/lwjgl/opengl/GL$1
Event: 0.359 loading class org/lwjgl/opengl/GL$1 done
Event: 0.359 loading class org/lwjgl/system/SharedLibrary$Delegate
Event: 0.359 loading class org/lwjgl/system/SharedLibrary$Delegate done
Event: 0.360 loading class org/lwjgl/opengl/GL20C
Event: 0.360 loading class org/lwjgl/opengl/GL20C done
Event: 0.362 loading class org/lwjgl/opengl/GL15C
Event: 0.362 loading class org/lwjgl/opengl/GL15C done
Event: 0.362 loading class org/lwjgl/opengl/GL14C
Event: 0.362 loading class org/lwjgl/opengl/GL14C done
Event: 0.362 loading class org/lwjgl/opengl/GL13C
Event: 0.362 loading class org/lwjgl/opengl/GL13C done
Event: 0.363 loading class org/lwjgl/opengl/GL12C
Event: 0.363 loading class org/lwjgl/opengl/GL12C done
Event: 0.364 loading class org/lwjgl/opengl/GL11C
Event: 0.364 loading class org/lwjgl/opengl/GL11C done


Dynamic libraries:
0x00007ff667c50000 - 0x00007ff667c5d000 	C:\Users\mjpea\.jdks\corretto-11.0.16.1\bin\java.exe
0x00007ffe7bf50000 - 0x00007ffe7c164000 	C:\WINDOWS\SYSTEM32\ntdll.dll
0x00007ffe7a6f0000 - 0x00007ffe7a7b2000 	C:\WINDOWS\System32\KERNEL32.DLL
0x00007ffe79950000 - 0x00007ffe79cf3000 	C:\WINDOWS\System32\KERNELBASE.dll
0x00007ffe79830000 - 0x00007ffe79941000 	C:\WINDOWS\System32\ucrtbase.dll
0x00007ffe5f930000 - 0x00007ffe5f947000 	C:\Users\mjpea\.jdks\corretto-11.0.16.1\bin\jli.dll
0x00007ffe5d970000 - 0x00007ffe5d989000 	C:\Users\mjpea\.jdks\corretto-11.0.16.1\bin\VCRUNTIME140.dll
0x00007ffe7a280000 - 0x00007ffe7a42a000 	C:\WINDOWS\System32\USER32.dll
0x00007ffe79d00000 - 0x00007ffe79d26000 	C:\WINDOWS\System32\win32u.dll
0x00007ffe62e00000 - 0x00007ffe6308e000 	C:\WINDOWS\WinSxS\amd64_microsoft.windows.common-controls_6595b64144ccf1df_6.0.22621.1635_none_270f70857386168e\COMCTL32.dll
0x00007ffe7afb0000 - 0x00007ffe7afd9000 	C:\WINDOWS\System32\GDI32.dll
0x00007ffe7afe0000 - 0x00007ffe7b087000 	C:\WINDOWS\System32\msvcrt.dll
0x00007ffe795f0000 - 0x00007ffe79709000 	C:\WINDOWS\System32\gdi32full.dll
0x00007ffe79790000 - 0x00007ffe7982a000 	C:\WINDOWS\System32\msvcp_win.dll
0x00007ffe7b1a0000 - 0x00007ffe7b1d1000 	C:\WINDOWS\System32\IMM32.DLL
0x00007ffe46240000 - 0x00007ffe462db000 	C:\Users\mjpea\.jdks\corretto-11.0.16.1\bin\msvcp140.dll
0x00007ffe22d40000 - 0x00007ffe238c4000 	C:\Users\mjpea\.jdks\corretto-11.0.16.1\bin\server\jvm.dll
0x00007ffe7a7c0000 - 0x00007ffe7a86e000 	C:\WINDOWS\System32\ADVAPI32.dll
0x00007ffe7a0f0000 - 0x00007ffe7a194000 	C:\WINDOWS\System32\sechost.dll
0x00007ffe7a4b0000 - 0x00007ffe7a5c7000 	C:\WINDOWS\System32\RPCRT4.dll
0x00007ffe7a4a0000 - 0x00007ffe7a4a8000 	C:\WINDOWS\System32\PSAPI.DLL
0x00007ffe732f0000 - 0x00007ffe732f9000 	C:\WINDOWS\SYSTEM32\WSOCK32.dll
0x00007ffe7aa50000 - 0x00007ffe7aac1000 	C:\WINDOWS\System32\WS2_32.dll
0x00007ffe71ba0000 - 0x00007ffe71baa000 	C:\WINDOWS\SYSTEM32\VERSION.dll
0x00007ffe72640000 - 0x00007ffe72674000 	C:\WINDOWS\SYSTEM32\WINMM.dll
0x00007ffe78390000 - 0x00007ffe783a8000 	C:\WINDOWS\SYSTEM32\kernel.appcore.dll
0x00007ffe604f0000 - 0x00007ffe60500000 	C:\Users\mjpea\.jdks\corretto-11.0.16.1\bin\verify.dll
0x00007ffe6bc80000 - 0x00007ffe6beae000 	C:\WINDOWS\SYSTEM32\DBGHELP.DLL
0x00007ffe7b1e0000 - 0x00007ffe7b569000 	C:\WINDOWS\System32\combase.dll
0x00007ffe7a010000 - 0x00007ffe7a0e7000 	C:\WINDOWS\System32\OLEAUT32.dll
0x00007ffe68bc0000 - 0x00007ffe68bf2000 	C:\WINDOWS\SYSTEM32\dbgcore.DLL
0x00007ffe79710000 - 0x00007ffe7978a000 	C:\WINDOWS\System32\bcryptPrimitives.dll
0x00007ffe5be20000 - 0x00007ffe5be48000 	C:\Users\mjpea\.jdks\corretto-11.0.16.1\bin\java.dll
0x00007ffe5fc70000 - 0x00007ffe5fc7a000 	C:\Users\mjpea\.jdks\corretto-11.0.16.1\bin\jimage.dll
0x00007ffe5d150000 - 0x00007ffe5d168000 	C:\Users\mjpea\.jdks\corretto-11.0.16.1\bin\zip.dll
0x00007ffe7b570000 - 0x00007ffe7bd69000 	C:\WINDOWS\System32\SHELL32.dll
0x00007ffe77340000 - 0x00007ffe77c0e000 	C:\WINDOWS\SYSTEM32\windows.storage.dll
0x00007ffe77200000 - 0x00007ffe7733e000 	C:\WINDOWS\SYSTEM32\wintypes.dll
0x00007ffe79d30000 - 0x00007ffe79e21000 	C:\WINDOWS\System32\SHCORE.dll
0x00007ffe7b090000 - 0x00007ffe7b0ee000 	C:\WINDOWS\System32\shlwapi.dll
0x00007ffe79280000 - 0x00007ffe792a6000 	C:\WINDOWS\SYSTEM32\profapi.dll
0x00007ffe5b490000 - 0x00007ffe5b4a9000 	C:\Users\mjpea\.jdks\corretto-11.0.16.1\bin\net.dll
0x00007ffe73aa0000 - 0x00007ffe73bd7000 	C:\WINDOWS\SYSTEM32\WINHTTP.dll
0x00007ffe78810000 - 0x00007ffe78879000 	C:\WINDOWS\system32\mswsock.dll
0x00007ffe58df0000 - 0x00007ffe58e03000 	C:\Users\mjpea\.jdks\corretto-11.0.16.1\bin\nio.dll
0x00007ffe5fc80000 - 0x00007ffe5fcfa000 	C:\Users\mjpea\AppData\Local\Temp\lwjgl_mjpea\3.3.2+13\x64\lwjgl.dll
0x00007ffe567c0000 - 0x00007ffe5681e000 	C:\Users\mjpea\AppData\Local\Temp\lwjgl_mjpea\3.3.2+13\x64\lwjgl_opengl.dll
0x00007ffe5f2a0000 - 0x00007ffe5f3a0000 	C:\WINDOWS\SYSTEM32\opengl32.dll
0x00007ffe63fc0000 - 0x00007ffe63fed000 	C:\WINDOWS\SYSTEM32\GLU32.dll
0x00007ffe76a10000 - 0x00007ffe76a48000 	C:\WINDOWS\SYSTEM32\dxcore.dll

dbghelp: loaded successfully - version: 4.0.5 - missing functions: none
symbol engine: initialized successfully - sym options: 0x614 - pdb path: .;C:\Users\mjpea\.jdks\corretto-11.0.16.1\bin;C:\WINDOWS\SYSTEM32;C:\WINDOWS\WinSxS\amd64_microsoft.windows.common-controls_6595b64144ccf1df_6.0.22621.1635_none_270f70857386168e;C:\Users\mjpea\.jdks\corretto-11.0.16.1\bin\server;C:\Users\mjpea\AppData\Local\Temp\lwjgl_mjpea\3.3.2+13\x64

VM Arguments:
jvm_args: -Dfile.encoding=windows-1252 -Duser.country=GB -Duser.language=en -Duser.variant 
java_command: me.michqql.game.Main
java_class_path (initial): C:\Users\mjpea\Documents\Code\lwjgl-game\build\classes\java\main;C:\Users\mjpea\Documents\Code\lwjgl-game\build\resources\main;C:\Users\mjpea\.gradle\caches\modules-2\files-2.1\org.lwjgl\lwjgl-glfw\3.3.2\757920418805fb90bfebb3d46b1d9e7669fca2eb\lwjgl-glfw-3.3.2.jar;C:\Users\mjpea\.gradle\caches\modules-2\files-2.1\org.lwjgl\lwjgl-glfw\3.3.2\1251e3cb7e5d6159334cfb9244f789ce992f03b\lwjgl-glfw-3.3.2-natives-windows.jar;C:\Users\mjpea\.gradle\caches\modules-2\files-2.1\org.lwjgl\lwjgl-nfd\3.3.2\ec66452fad5bf48707cbe96c573c6cc3dd8a7a82\lwjgl-nfd-3.3.2.jar;C:\Users\mjpea\.gradle\caches\modules-2\files-2.1\org.lwjgl\lwjgl-nfd\3.3.2\12c0041066a97f0c74d0f72db1423ac9ea124275\lwjgl-nfd-3.3.2-natives-windows.jar;C:\Users\mjpea\.gradle\caches\modules-2\files-2.1\org.lwjgl\lwjgl-openal\3.3.2\ae5357ed6d934546d3533993ea84c0cfb75eed95\lwjgl-openal-3.3.2.jar;C:\Users\mjpea\.gradle\caches\modules-2\files-2.1\org.lwjgl\lwjgl-openal\3.3.2\e74f299a602192faaf14b917632e4cbbb493c940\lwjgl-openal-3.3.2-natives-windows.jar;C:\Users\mjpea\.gradle\caches\modules-2\files-2.1\org.lwjgl\lwjgl-opengl\3.3.2\ee8e95be0b438602038bc1f02dc5e3d011b1b216\lwjgl-opengl-3.3.2.jar;C:\Users\mjpea\.gradle\caches\modules-2\files-2.1\org.lwjgl\lwjgl-opengl\3.3.2\83cd34469d4e0bc335bf74c7f62206530a9480bf\lwjgl-opengl-3.3.2-natives-windows.jar;C:\Users\mjpea\.gradle\caches\modules-2\files-2.1\org.lwjgl\lwjgl-stb\3.3.2\a2550795014d622b686e9caac50b14baa87d2c70\lwjgl-stb-3.3.2.jar;C:\Users\mjpea\.gradle\caches\modules-2\files-2.1\org.lwjgl\lwjgl-stb\3.3.2\1c4f4b8353bdb78c5264ab921436f03fc9aa1ba5\lwjgl-stb-3.3.2-natives-windows.jar;C:\Users\mjpea\.gradle\caches\modules-2\files-2.1\org.lwjgl\lwjgl\3.3.2\4421d94af68e35dcaa31737a6fc59136a1e61b94\lwjgl-3.3.2.jar;C:\Users\mjpea\.gradle\caches\modules-2\files-2.1\org.lwjgl\lwjgl\3.3.2\a55169ced70ffcd15f2162daf4a9c968578f6cd5\lwjgl-3.3.2-natives-windows.jar;C:\Users\mjpea\.gradle\caches\modules-2\files-2.1\org.joml\joml\1.10.5\22566d58af70ad3d72308b
Launcher Type: SUN_STANDARD

[Global flags]
     intx CICompilerCount                          = 4                                         {product} {ergonomic}
     uint ConcGCThreads                            = 2                                         {product} {ergonomic}
     uint G1ConcRefinementThreads                  = 8                                         {product} {ergonomic}
   size_t G1HeapRegionSize                         = 1048576                                   {product} {ergonomic}
    uintx GCDrainStackTargetSize                   = 64                                        {product} {ergonomic}
   size_t InitialHeapSize                          = 257949696                                 {product} {ergonomic}
   size_t MarkStackSize                            = 4194304                                   {product} {ergonomic}
   size_t MaxHeapSize                              = 4125097984                                {product} {ergonomic}
   size_t MaxNewSize                               = 2474639360                                {product} {ergonomic}
   size_t MinHeapDeltaBytes                        = 1048576                                   {product} {ergonomic}
    uintx NonNMethodCodeHeapSize                   = 5836300                                {pd product} {ergonomic}
    uintx NonProfiledCodeHeapSize                  = 122910970                              {pd product} {ergonomic}
    uintx ProfiledCodeHeapSize                     = 122910970                              {pd product} {ergonomic}
    uintx ReservedCodeCacheSize                    = 251658240                              {pd product} {ergonomic}
     bool SegmentedCodeCache                       = true                                      {product} {ergonomic}
     bool UseCompressedClassPointers               = true                                 {lp64_product} {ergonomic}
     bool UseCompressedOops                        = true                                 {lp64_product} {ergonomic}
     bool UseG1GC                                  = true                                      {product} {ergonomic}
     bool UseLargePagesIndividualAllocation        = false                                  {pd product} {ergonomic}

Logging:
Log output configuration:
 #0: stdout all=warning uptime,level,tags
 #1: stderr all=off uptime,level,tags

Environment Variables:
PATH=C:\Program Files\Eclipse Adoptium\jdk-17.0.6.10-hotspot\bin;C:\Program Files\Common Files\Oracle\Java\javapath;C:\WINDOWS\system32;C:\WINDOWS;C:\WINDOWS\System32\Wbem;C:\WINDOWS\System32\WindowsPowerShell\v1.0\;C:\WINDOWS\System32\OpenSSH\;C:\Program Files\Git\cmd;C:\Users\mjpea\AppData\Local\Microsoft\WindowsApps;;C:\Users\mjpea\AppData\Local\Programs\Microsoft VS Code\bin
USERNAME=mjpea
OS=Windows_NT
PROCESSOR_IDENTIFIER=AMD64 Family 23 Model 96 Stepping 1, AuthenticAMD
TMP=C:\Users\mjpea\AppData\Local\Temp
TEMP=C:\Users\mjpea\AppData\Local\Temp



---------------  S Y S T E M  ---------------

OS: Windows 11 , 64 bit Build 22621 (10.0.22621.1928)
OS uptime: 7 days 6:35 hours

CPU:total 8 (initial active 8) (8 cores per cpu, 1 threads per core) family 23 model 96 stepping 1 microcode 0x0, cmov, cx8, fxsr, mmx, sse, sse2, sse3, ssse3, sse4.1, sse4.2, popcnt, avx, avx2, aes, clmul, mmxext, 3dnowpref, lzcnt, sse4a, tsc, tscinvbit, tscinv, bmi1, bmi2, adx, sha, fma

Memory: 4k page, system-wide physical 15733M (8137M free)
TotalPageFile size 16757M (AvailPageFile size 6526M)
current process WorkingSet (physical memory assigned to process): 53M, peak: 53M
current process commit charge ("private bytes"): 336M, peak: 336M

vm_info: OpenJDK 64-Bit Server VM (11.0.16.1+9-LTS) for windows-amd64 JRE (11.0.16.1+9-LTS), built on Aug 12 2022 20:01:58 by "Administrator" with MS VC++ 15.9 (VS2017)

END.
